生成启动时间为 2018/9/30 20:43:05。
     1>项目“D:\cx\安全卫士服务器\服务器\服务器.vcxproj”在节点 2 上(Build 个目标)。
     1>ClCompile:
         D:\Program Files\vs2013\VC\bin\x86_amd64\CL.exe /c /Zi /nologo /W3 /WX- /sdl /Od /D _DEBUG /D _CONSOLE /D _UNICODE /D UNICODE /Gm /EHsc /RTC1 /MDd /GS- /fp:precise /Zc:wchar_t /Zc:forScope /Fo"x64\Debug\\" /Fd"x64\Debug\vc120.pdb" /Gd /TP /errorReport:prompt main.cpp
     1>cl : 命令行 warning D9025: 正在重写“/sdl”(用“/GS-”)
         main.cpp
     1>main.cpp(107): warning C4996: 'sprintf': This function or variable may be unsafe. Consider using sprintf_s instead. To disable deprecation, use _CRT_SECURE_NO_WARNINGS. See online help for details.
                 D:\Program Files\vs2013\VC\include\stdio.h(356) : 参见“sprintf”的声明
     1>main.cpp(108): warning C4267: “参数”: 从“size_t”转换到“unsigned long”，可能丢失数据
       Link:
         D:\Program Files\vs2013\VC\bin\x86_amd64\link.exe /ERRORREPORT:PROMPT /OUT:"D:\cx\安全卫士服务器\x64\Debug\服务器.exe" /INCREMENTAL /NOLOGO kernel32.lib user32.lib gdi32.lib winspool.lib comdlg32.lib advapi32.lib shell32.lib ole32.lib oleaut32.lib uuid.lib odbc32.lib odbccp32.lib /MANIFEST /MANIFESTUAC:"level='asInvoker' uiAccess='false'" /manifest:embed /DEBUG /PDB:"D:\cx\安全卫士服务器\x64\Debug\服务器.pdb" /SUBSYSTEM:CONSOLE /TLBID:1 /DYNAMICBASE /NXCOMPAT /IMPLIB:"D:\cx\安全卫士服务器\x64\Debug\服务器.lib" /MACHINE:X64 x64\Debug\main.obj
     1>main.obj : error LNK2019: 无法解析的外部符号 mysql_server_init，该符号在函数 main 中被引用
     1>main.obj : error LNK2019: 无法解析的外部符号 mysql_server_end，该符号在函数 main 中被引用
     1>main.obj : error LNK2019: 无法解析的外部符号 mysql_num_fields，该符号在函数 "unsigned long __cdecl thrProc(void *)" (?thrProc@@YAKPEAX@Z) 中被引用
     1>main.obj : error LNK2019: 无法解析的外部符号 mysql_errno，该符号在函数 main 中被引用
     1>main.obj : error LNK2019: 无法解析的外部符号 mysql_error，该符号在函数 "unsigned long __cdecl thrProc(void *)" (?thrProc@@YAKPEAX@Z) 中被引用
     1>main.obj : error LNK2019: 无法解析的外部符号 mysql_init，该符号在函数 main 中被引用
     1>main.obj : error LNK2019: 无法解析的外部符号 mysql_real_connect，该符号在函数 main 中被引用
     1>main.obj : error LNK2019: 无法解析的外部符号 mysql_query，该符号在函数 "unsigned long __cdecl thrProc(void *)" (?thrProc@@YAKPEAX@Z) 中被引用
     1>main.obj : error LNK2019: 无法解析的外部符号 mysql_real_query，该符号在函数 "unsigned long __cdecl thrProc(void *)" (?thrProc@@YAKPEAX@Z) 中被引用
     1>main.obj : error LNK2019: 无法解析的外部符号 mysql_use_result，该符号在函数 "unsigned long __cdecl thrProc(void *)" (?thrProc@@YAKPEAX@Z) 中被引用
     1>main.obj : error LNK2019: 无法解析的外部符号 mysql_options，该符号在函数 main 中被引用
     1>main.obj : error LNK2019: 无法解析的外部符号 mysql_free_result，该符号在函数 "unsigned long __cdecl thrProc(void *)" (?thrProc@@YAKPEAX@Z) 中被引用
     1>main.obj : error LNK2019: 无法解析的外部符号 mysql_fetch_row，该符号在函数 "unsigned long __cdecl thrProc(void *)" (?thrProc@@YAKPEAX@Z) 中被引用
     1>D:\cx\安全卫士服务器\x64\Debug\服务器.exe : fatal error LNK1120: 13 个无法解析的外部命令
     1>已完成生成项目“D:\cx\安全卫士服务器\服务器\服务器.vcxproj”(Build 个目标)的操作 - 失败。

生成失败。

已用时间 00:00:01.23
